<?xml version="1.0" encoding="UTF-8"?>
<!-- Generated by org.testng.reporters.JUnitReportReporter -->
<testsuite hostname="DESKTOP-2Q4NOHC" failures="0" tests="3" name="testCases.TC_001_HomeTest" time="0.222" errors="0" timestamp="2024-07-19T12:52:52 IST" skipped="0">
  <testcase classname="testCases.TC_001_HomeTest" name="testAcceptCookies" time="0.171"/>
  <testcase classname="testCases.TC_001_HomeTest" name="testVerifyHomepageTitle" time="0.013"/>
  <testcase classname="testCases.TC_001_HomeTest" name="testVerifyCookies" time="0.038"/>
</testsuite> <!-- testCases.TC_001_HomeTest -->
